  sim.cpp
c:\users\chandler beiler\source\repos\consoleapplication20\consoleapplication20\sim.cpp(23): warning C4244: '=': conversion from 'double' to 'int', possible loss of data
c:\users\chandler beiler\source\repos\consoleapplication20\consoleapplication20\sim.cpp(24): warning C4244: '=': conversion from 'double' to 'int', possible loss of data
c:\users\chandler beiler\source\repos\consoleapplication20\consoleapplication20\sim.cpp(31): warning C4018: '<': signed/unsigned mismatch
c:\users\chandler beiler\source\repos\consoleapplication20\consoleapplication20\sim.cpp(50): warning C4018: '<': signed/unsigned mismatch
c:\users\chandler beiler\source\repos\consoleapplication20\consoleapplication20\sim.cpp(62): warning C4018: '<': signed/unsigned mismatch
c:\users\chandler beiler\source\repos\consoleapplication20\consoleapplication20\sim.cpp(78): warning C4018: '<': signed/unsigned mismatch
c:\users\chandler beiler\source\repos\consoleapplication20\consoleapplication20\sim.cpp(89): warning C4018: '<': signed/unsigned mismatch
c:\users\chandler beiler\source\repos\consoleapplication20\consoleapplication20\sim.cpp(90): warning C4018: '<': signed/unsigned mismatch
c:\users\chandler beiler\source\repos\consoleapplication20\consoleapplication20\sim.cpp(98): warning C4018: '<': signed/unsigned mismatch
c:\users\chandler beiler\source\repos\consoleapplication20\consoleapplication20\sim.cpp(116): warning C4554: '>>': check operator precedence for possible error; use parentheses to clarify precedence
c:\users\chandler beiler\source\repos\consoleapplication20\consoleapplication20\sim.cpp(117): warning C4018: '<': signed/unsigned mismatch
c:\users\chandler beiler\source\repos\consoleapplication20\consoleapplication20\sim.cpp(159): warning C4018: '<': signed/unsigned mismatch
c:\users\chandler beiler\source\repos\consoleapplication20\consoleapplication20\sim.cpp(172): warning C4554: '>>': check operator precedence for possible error; use parentheses to clarify precedence
c:\users\chandler beiler\source\repos\consoleapplication20\consoleapplication20\sim.cpp(174): warning C4018: '<': signed/unsigned mismatch
c:\users\chandler beiler\source\repos\consoleapplication20\consoleapplication20\sim.cpp(206): warning C4018: '<': signed/unsigned mismatch
c:\users\chandler beiler\source\repos\consoleapplication20\consoleapplication20\sim.cpp(220): warning C4244: 'argument': conversion from '__int64' to 'uint32_t', possible loss of data
c:\users\chandler beiler\source\repos\consoleapplication20\consoleapplication20\sim.cpp(333): warning C4477: 'printf' : format string '%u' requires an argument of type 'unsigned int', but variadic argument 1 has type '__int64'
  c:\users\chandler beiler\source\repos\consoleapplication20\consoleapplication20\sim.cpp(333): note: consider using '%llu' in the format string
  c:\users\chandler beiler\source\repos\consoleapplication20\consoleapplication20\sim.cpp(333): note: consider using '%Iu' in the format string
  c:\users\chandler beiler\source\repos\consoleapplication20\consoleapplication20\sim.cpp(333): note: consider using '%I64u' in the format string
c:\users\chandler beiler\source\repos\consoleapplication20\consoleapplication20\sim.cpp(334): warning C4477: 'printf' : format string '%u' requires an argument of type 'unsigned int', but variadic argument 1 has type '__int64'
  c:\users\chandler beiler\source\repos\consoleapplication20\consoleapplication20\sim.cpp(334): note: consider using '%llu' in the format string
  c:\users\chandler beiler\source\repos\consoleapplication20\consoleapplication20\sim.cpp(334): note: consider using '%Iu' in the format string
  c:\users\chandler beiler\source\repos\consoleapplication20\consoleapplication20\sim.cpp(334): note: consider using '%I64u' in the format string
c:\users\chandler beiler\source\repos\consoleapplication20\consoleapplication20\sim.cpp(335): warning C4477: 'printf' : format string '%u' requires an argument of type 'unsigned int', but variadic argument 1 has type '__int64'
  c:\users\chandler beiler\source\repos\consoleapplication20\consoleapplication20\sim.cpp(335): note: consider using '%llu' in the format string
  c:\users\chandler beiler\source\repos\consoleapplication20\consoleapplication20\sim.cpp(335): note: consider using '%Iu' in the format string
  c:\users\chandler beiler\source\repos\consoleapplication20\consoleapplication20\sim.cpp(335): note: consider using '%I64u' in the format string
c:\users\chandler beiler\source\repos\consoleapplication20\consoleapplication20\sim.cpp(336): warning C4477: 'printf' : format string '%u' requires an argument of type 'unsigned int', but variadic argument 1 has type '__int64'
  c:\users\chandler beiler\source\repos\consoleapplication20\consoleapplication20\sim.cpp(336): note: consider using '%llu' in the format string
  c:\users\chandler beiler\source\repos\consoleapplication20\consoleapplication20\sim.cpp(336): note: consider using '%Iu' in the format string
  c:\users\chandler beiler\source\repos\consoleapplication20\consoleapplication20\sim.cpp(336): note: consider using '%I64u' in the format string
c:\users\chandler beiler\source\repos\consoleapplication20\consoleapplication20\sim.cpp(337): warning C4477: 'printf' : format string '%f' requires an argument of type 'double', but variadic argument 1 has type '__int64'
c:\users\chandler beiler\source\repos\consoleapplication20\consoleapplication20\sim.cpp(338): warning C4477: 'printf' : format string '%u' requires an argument of type 'unsigned int', but variadic argument 1 has type '__int64'
  c:\users\chandler beiler\source\repos\consoleapplication20\consoleapplication20\sim.cpp(338): note: consider using '%llu' in the format string
  c:\users\chandler beiler\source\repos\consoleapplication20\consoleapplication20\sim.cpp(338): note: consider using '%Iu' in the format string
  c:\users\chandler beiler\source\repos\consoleapplication20\consoleapplication20\sim.cpp(338): note: consider using '%I64u' in the format string
c:\users\chandler beiler\source\repos\consoleapplication20\consoleapplication20\sim.cpp(340): warning C4477: 'printf' : format string '%u' requires an argument of type 'unsigned int', but variadic argument 1 has type '__int64'
  c:\users\chandler beiler\source\repos\consoleapplication20\consoleapplication20\sim.cpp(340): note: consider using '%llu' in the format string
  c:\users\chandler beiler\source\repos\consoleapplication20\consoleapplication20\sim.cpp(340): note: consider using '%Iu' in the format string
  c:\users\chandler beiler\source\repos\consoleapplication20\consoleapplication20\sim.cpp(340): note: consider using '%I64u' in the format string
c:\users\chandler beiler\source\repos\consoleapplication20\consoleapplication20\sim.cpp(341): warning C4477: 'printf' : format string '%u' requires an argument of type 'unsigned int', but variadic argument 1 has type '__int64'
  c:\users\chandler beiler\source\repos\consoleapplication20\consoleapplication20\sim.cpp(341): note: consider using '%llu' in the format string
  c:\users\chandler beiler\source\repos\consoleapplication20\consoleapplication20\sim.cpp(341): note: consider using '%Iu' in the format string
  c:\users\chandler beiler\source\repos\consoleapplication20\consoleapplication20\sim.cpp(341): note: consider using '%I64u' in the format string
c:\users\chandler beiler\source\repos\consoleapplication20\consoleapplication20\sim.cpp(344): warning C4477: 'printf' : format string '%u' requires an argument of type 'unsigned int', but variadic argument 1 has type '__int64'
  c:\users\chandler beiler\source\repos\consoleapplication20\consoleapplication20\sim.cpp(344): note: consider using '%llu' in the format string
  c:\users\chandler beiler\source\repos\consoleapplication20\consoleapplication20\sim.cpp(344): note: consider using '%Iu' in the format string
  c:\users\chandler beiler\source\repos\consoleapplication20\consoleapplication20\sim.cpp(344): note: consider using '%I64u' in the format string
c:\users\chandler beiler\source\repos\consoleapplication20\consoleapplication20\sim.cpp(345): warning C4477: 'printf' : format string '%u' requires an argument of type 'unsigned int', but variadic argument 1 has type '__int64'
  c:\users\chandler beiler\source\repos\consoleapplication20\consoleapplication20\sim.cpp(345): note: consider using '%llu' in the format string
  c:\users\chandler beiler\source\repos\consoleapplication20\consoleapplication20\sim.cpp(345): note: consider using '%Iu' in the format string
  c:\users\chandler beiler\source\repos\consoleapplication20\consoleapplication20\sim.cpp(345): note: consider using '%I64u' in the format string
c:\users\chandler beiler\source\repos\consoleapplication20\consoleapplication20\sim.cpp(346): warning C4477: 'printf' : format string '%f' requires an argument of type 'double', but variadic argument 1 has type '__int64'
c:\users\chandler beiler\source\repos\consoleapplication20\consoleapplication20\sim.cpp(347): warning C4477: 'printf' : format string '%u' requires an argument of type 'unsigned int', but variadic argument 1 has type '__int64'
  c:\users\chandler beiler\source\repos\consoleapplication20\consoleapplication20\sim.cpp(347): note: consider using '%llu' in the format string
  c:\users\chandler beiler\source\repos\consoleapplication20\consoleapplication20\sim.cpp(347): note: consider using '%Iu' in the format string
  c:\users\chandler beiler\source\repos\consoleapplication20\consoleapplication20\sim.cpp(347): note: consider using '%I64u' in the format string
c:\users\chandler beiler\source\repos\consoleapplication20\consoleapplication20\sim.cpp(349): warning C4477: 'printf' : format string '%u' requires an argument of type 'unsigned int', but variadic argument 1 has type '__int64'
  c:\users\chandler beiler\source\repos\consoleapplication20\consoleapplication20\sim.cpp(349): note: consider using '%llu' in the format string
  c:\users\chandler beiler\source\repos\consoleapplication20\consoleapplication20\sim.cpp(349): note: consider using '%Iu' in the format string
  c:\users\chandler beiler\source\repos\consoleapplication20\consoleapplication20\sim.cpp(349): note: consider using '%I64u' in the format string
  ConsoleApplication20.vcxproj -> C:\Users\Chandler Beiler\source\repos\ConsoleApplication20\x64\Debug\ConsoleApplication20.exe
